{"TraceID":-850172890123625173,"SpanID":2742417250054917747,"ParentID":-2677587671471029796,"ProcessID":"Executable","Start":1415821157704,"Stop":1415821157928,"Description":"RecoverableZookeeper.exists","KVAnnotations":{},"TLAnnotations":[]}
{"TraceID":-850172890123625173,"SpanID":7781989347704515203,"ParentID":-2677587671471029796,"ProcessID":"Executable","Start":1415821157936,"Stop":1415821157944,"Description":"RecoverableZookeeper.getData","KVAnnotations":{},"TLAnnotations":[]}
{"TraceID":-850172890123625173,"SpanID":-2750855088536695721,"ParentID":-2677587671471029796,"ProcessID":"Executable","Start":1415821158478,"Stop":1415821158480,"Description":"RecoverableZookeeper.getData","KVAnnotations":{},"TLAnnotations":[]}
{"TraceID":-850172890123625173,"SpanID":-2677587671471029796,"ParentID":477902,"ProcessID":"Executable","Start":1415821156190,"Stop":1415821159058,"Description":"Gets","KVAnnotations":{},"TLAnnotations":[]}
{"TraceID":-6448658407378654614,"SpanID":-5617018120099089583,"ParentID":3006459646642870578,"ProcessID":"HRegionServer","Start":1413416844103,"Stop":1413416844596,"Description":"ClientService.Get","KVAnnotations":{"[B@162f71a":[99,105,115,54,53,53,115,116,117],"[B@4d0a38":[49,50,55,46,48,46,48,46,49]},"TLAnnotations":[]}
{"TraceID":4081018489308055186,"SpanID":-8101422813498847206,"ParentID":396675106146084183,"ProcessID":"HMaster","Start":1415215648702,"Stop":1415215648703,"Description":"HFileReaderV2.readBlock","KVAnnotations":{},"TLAnnotations":["@1415215648702: blockCacheMiss"]}
{"TraceID":4081018489308055186,"SpanID":1489115700138989405,"ParentID":396675106146084183,"ProcessID":"HMaster","Start":1415215648707,"Stop":1415215648707,"Description":"HFileReaderV2.readBlock","KVAnnotations":{},"TLAnnotations":[]}
{"TraceID":4081018489308055186,"SpanID":396675106146084183,"ParentID":-91560878443388873,"ProcessID":"HMaster","Start":1415215648701,"Stop":1415215648708,"Description":"ClientService.Get","KVAnnotations":{"[B@14ee504":[114,111,111,116],"[B@9d7383":[49,50,55,46,48,46,48,46,49]},"TLAnnotations":[]}
{"TraceID":3502078580875277935,"SpanID":-5635838032656586846,"ParentID":-7646384895144684958,"ProcessID":"HRegionServer","Start":1415399442454,"Stop":1415399442498,"Description":"ClientService.Get","KVAnnotations":{"[B@1a89227":[49,50,55,46,48,46,48,46,49],"[B@1e0ada6":[99,105,115,54,53,53,115,116,117]},"TLAnnotations":[]}
{"TraceID":4197988904902625053,"SpanID":-4954386497666221614,"ParentID":-7640387385338038742,"ProcessID":"HRegionServer","Start":1415668833130,"Stop":1415668833153,"Description":"ClientService.Get","KVAnnotations":{"[B@ffbd19":[99,105,115,54,53,53,115,116,117],"[B@1d7c956":[49,50,55,46,48,46,48,46,49]},"TLAnnotations":[]}
{"TraceID":-7056778931011837662,"SpanID":4901966812154694862,"ParentID":-6872321350673744984,"ProcessID":"HRegionServer","Start":1415668894553,"Stop":1415668894554,"Description":"ClientService.Get","KVAnnotations":{"[B@1b34499":[99,105,115,54,53,53,115,116,117],"[B@5cbd95":[49,50,55,46,48,46,48,46,49]},"TLAnnotations":[]}
{"TraceID":-2406653735748093433,"SpanID":7031795503995521347,"ParentID":8693579119306158763,"ProcessID":"HRegionServer","Start":1415820973850,"Stop":1415820974171,"Description":"ClientService.Get","KVAnnotations":{"[B@3bc5c6":[49,50,55,46,48,46,48,46,49],"[B@1acd694":[99,105,115,54,53,53,115,116,117]},"TLAnnotations":[]}
{"TraceID":-850172890123625173,"SpanID":-6545187340694697905,"ParentID":-2677587671471029796,"ProcessID":"HRegionServer","Start":1415821159085,"Stop":1415821159090,"Description":"ClientService.Get","KVAnnotations":{"[B@fa35ac":[49,50,55,46,48,46,48,46,49],"[B@1b58819":[99,105,115,54,53,53,115,116,117]},"TLAnnotations":[]}
{"TraceID":-5732857502380154955,"SpanID":4275086931081288051,"ParentID":-1631279569535444168,"ProcessID":"Executable","Start":1415822179687,"Stop":1415822179800,"Description":"RecoverableZookeeper.exists","KVAnnotations":{},"TLAnnotations":[]}
{"TraceID":-5732857502380154955,"SpanID":5945764580613620184,"ParentID":-1631279569535444168,"ProcessID":"Executable","Start":1415822179807,"Stop":1415822179810,"Description":"RecoverableZookeeper.getData","KVAnnotations":{},"TLAnnotations":[]}
{"TraceID":-5732857502380154955,"SpanID":-8501454937339997737,"ParentID":-1631279569535444168,"ProcessID":"Executable","Start":1415822180261,"Stop":1415822180263,"Description":"RecoverableZookeeper.getData","KVAnnotations":{},"TLAnnotations":[]}
{"TraceID":-5732857502380154955,"SpanID":-1631279569535444168,"ParentID":477902,"ProcessID":"Executable","Start":1415822178030,"Stop":1415822180701,"Description":"Gets","KVAnnotations":{},"TLAnnotations":[]}
{"TraceID":-4709690291356288186,"SpanID":-314732504979187875,"ParentID":-7069716623733033548,"ProcessID":"Executable","Start":1415822255635,"Stop":1415822255680,"Description":"RecoverableZookeeper.exists","KVAnnotations":{},"TLAnnotations":[]}
{"TraceID":-4709690291356288186,"SpanID":8827751142747542455,"ParentID":-7069716623733033548,"ProcessID":"Executable","Start":1415822255681,"Stop":1415822255684,"Description":"RecoverableZookeeper.getData","KVAnnotations":{},"TLAnnotations":[]}
{"TraceID":-4709690291356288186,"SpanID":1071705956977023685,"ParentID":-7069716623733033548,"ProcessID":"Executable","Start":1415822255911,"Stop":1415822255913,"Description":"RecoverableZookeeper.getData","KVAnnotations":{},"TLAnnotations":[]}
{"TraceID":-4709690291356288186,"SpanID":-7069716623733033548,"ParentID":477902,"ProcessID":"Executable","Start":1415822255186,"Stop":1415822256167,"Description":"Gets","KVAnnotations":{},"TLAnnotations":[]}
{"TraceID":7485349264805585868,"SpanID":-6889081426586897854,"ParentID":-2942379212371771456,"ProcessID":"Executable","Start":1415839449816,"Stop":1415839449936,"Description":"RecoverableZookeeper.exists","KVAnnotations":{},"TLAnnotations":[]}
{"TraceID":7485349264805585868,"SpanID":1818884908753289047,"ParentID":-2942379212371771456,"ProcessID":"Executable","Start":1415839449940,"Stop":1415839449951,"Description":"RecoverableZookeeper.getData","KVAnnotations":{},"TLAnnotations":[]}
{"TraceID":7485349264805585868,"SpanID":7436440423982095812,"ParentID":-2942379212371771456,"ProcessID":"Executable","Start":1415839450423,"Stop":1415839450425,"Description":"RecoverableZookeeper.getData","KVAnnotations":{},"TLAnnotations":[]}
{"TraceID":7485349264805585868,"SpanID":2765121212288837343,"ParentID":-2942379212371771456,"ProcessID":"Executable","Start":1415839499084,"Stop":1415839499085,"Description":"RecoverableZookeeper.getData","KVAnnotations":{},"TLAnnotations":[]}
{"TraceID":7485349264805585868,"SpanID":-4903485562714550087,"ParentID":-2942379212371771456,"ProcessID":"Executable","Start":1415839499089,"Stop":1415839499090,"Description":"RecoverableZookeeper.getData","KVAnnotations":{},"TLAnnotations":[]}
{"TraceID":-8867599396019103501,"SpanID":4634747685906584462,"ParentID":6531320478326707098,"ProcessID":"Executable","Start":1415852112399,"Stop":1415852112782,"Description":"RecoverableZookeeper.exists","KVAnnotations":{},"TLAnnotations":[]}
{"TraceID":-8867599396019103501,"SpanID":4961421704563858045,"ParentID":6531320478326707098,"ProcessID":"Executable","Start":1415852112804,"Stop":1415852112807,"Description":"RecoverableZookeeper.getData","KVAnnotations":{},"TLAnnotations":[]}
{"TraceID":-8867599396019103501,"SpanID":5399505140700527031,"ParentID":6531320478326707098,"ProcessID":"Executable","Start":1415852113501,"Stop":1415852113504,"Description":"RecoverableZookeeper.getData","KVAnnotations":{},"TLAnnotations":[]}
{"TraceID":-8867599396019103501,"SpanID":6531320478326707098,"ParentID":477902,"ProcessID":"Executable","Start":1415852110806,"Stop":1415852114144,"Description":"Gets","KVAnnotations":{},"TLAnnotations":[]}
{"TraceID":-6448658407378654614,"SpanID":-5617018120099089583,"ParentID":3006459646642870578,"ProcessID":"HRegionServer","Start":1413416844103,"Stop":1413416844596,"Description":"ClientService.Get","KVAnnotations":{"[B@162f71a":[99,105,115,54,53,53,115,116,117],"[B@4d0a38":[49,50,55,46,48,46,48,46,49]},"TLAnnotations":[]}
{"TraceID":4081018489308055186,"SpanID":-8101422813498847206,"ParentID":396675106146084183,"ProcessID":"HMaster","Start":1415215648702,"Stop":1415215648703,"Description":"HFileReaderV2.readBlock","KVAnnotations":{},"TLAnnotations":["@1415215648702: blockCacheMiss"]}
{"TraceID":4081018489308055186,"SpanID":1489115700138989405,"ParentID":396675106146084183,"ProcessID":"HMaster","Start":1415215648707,"Stop":1415215648707,"Description":"HFileReaderV2.readBlock","KVAnnotations":{},"TLAnnotations":[]}
{"TraceID":4081018489308055186,"SpanID":396675106146084183,"ParentID":-91560878443388873,"ProcessID":"HMaster","Start":1415215648701,"Stop":1415215648708,"Description":"ClientService.Get","KVAnnotations":{"[B@14ee504":[114,111,111,116],"[B@9d7383":[49,50,55,46,48,46,48,46,49]},"TLAnnotations":[]}
{"TraceID":3502078580875277935,"SpanID":-5635838032656586846,"ParentID":-7646384895144684958,"ProcessID":"HRegionServer","Start":1415399442454,"Stop":1415399442498,"Description":"ClientService.Get","KVAnnotations":{"[B@1a89227":[49,50,55,46,48,46,48,46,49],"[B@1e0ada6":[99,105,115,54,53,53,115,116,117]},"TLAnnotations":[]}
{"TraceID":4197988904902625053,"SpanID":-4954386497666221614,"ParentID":-7640387385338038742,"ProcessID":"HRegionServer","Start":1415668833130,"Stop":1415668833153,"Description":"ClientService.Get","KVAnnotations":{"[B@ffbd19":[99,105,115,54,53,53,115,116,117],"[B@1d7c956":[49,50,55,46,48,46,48,46,49]},"TLAnnotations":[]}
{"TraceID":-7056778931011837662,"SpanID":4901966812154694862,"ParentID":-6872321350673744984,"ProcessID":"HRegionServer","Start":1415668894553,"Stop":1415668894554,"Description":"ClientService.Get","KVAnnotations":{"[B@1b34499":[99,105,115,54,53,53,115,116,117],"[B@5cbd95":[49,50,55,46,48,46,48,46,49]},"TLAnnotations":[]}
{"TraceID":-2406653735748093433,"SpanID":7031795503995521347,"ParentID":8693579119306158763,"ProcessID":"HRegionServer","Start":1415820973850,"Stop":1415820974171,"Description":"ClientService.Get","KVAnnotations":{"[B@3bc5c6":[49,50,55,46,48,46,48,46,49],"[B@1acd694":[99,105,115,54,53,53,115,116,117]},"TLAnnotations":[]}
{"TraceID":-850172890123625173,"SpanID":-6545187340694697905,"ParentID":-2677587671471029796,"ProcessID":"HRegionServer","Start":1415821159085,"Stop":1415821159090,"Description":"ClientService.Get","KVAnnotations":{"[B@fa35ac":[49,50,55,46,48,46,48,46,49],"[B@1b58819":[99,105,115,54,53,53,115,116,117]},"TLAnnotations":[]}
{"TraceID":-5732857502380154955,"SpanID":5536269517595352057,"ParentID":-1631279569535444168,"ProcessID":"HRegionServer","Start":1415822180712,"Stop":1415822180713,"Description":"ClientService.Get","KVAnnotations":{"[B@e93b9c":[49,50,55,46,48,46,48,46,49],"[B@63b0c0":[99,105,115,54,53,53,115,116,117]},"TLAnnotations":[]}
{"TraceID":-4709690291356288186,"SpanID":8185463859577256701,"ParentID":-7069716623733033548,"ProcessID":"HRegionServer","Start":1415822256166,"Stop":1415822256166,"Description":"ClientService.Get","KVAnnotations":{"[B@11ba687":[99,105,115,54,53,53,115,116,117],"[B@521df3":[49,50,55,46,48,46,48,46,49]},"TLAnnotations":[]}
{"TraceID":-8867599396019103501,"SpanID":-1883545534462491346,"ParentID":6716294001495723367,"ProcessID":"HMaster","Start":1415852114300,"Stop":1415852114330,"Description":"HFileReaderV2.readBlock","KVAnnotations":{},"TLAnnotations":["@1415852114302: blockCacheMiss"]}
{"TraceID":-8867599396019103501,"SpanID":-5079795881061272704,"ParentID":6716294001495723367,"ProcessID":"HMaster","Start":1415852114355,"Stop":1415852114367,"Description":"HFileReaderV2.readBlock","KVAnnotations":{},"TLAnnotations":["@1415852114355: blockCacheMiss"]}
{"TraceID":-8867599396019103501,"SpanID":6716294001495723367,"ParentID":6531320478326707098,"ProcessID":"HMaster","Start":1415852114234,"Stop":1415852114412,"Description":"ClientService.Get","KVAnnotations":{"[B@16b5de":[99,105,115,54,53,53,115,116,117],"[B@fe23b7":[49,50,55,46,48,46,48,46,49]},"TLAnnotations":[]}
{"TraceID":-6448658407378654614,"SpanID":-5617018120099089583,"ParentID":3006459646642870578,"ProcessID":"HRegionServer","Start":1413416844103,"Stop":1413416844596,"Description":"ClientService.Get","KVAnnotations":{"[B@162f71a":[99,105,115,54,53,53,115,116,117],"[B@4d0a38":[49,50,55,46,48,46,48,46,49]},"TLAnnotations":[]}
{"TraceID":4081018489308055186,"SpanID":-8101422813498847206,"ParentID":396675106146084183,"ProcessID":"HMaster","Start":1415215648702,"Stop":1415215648703,"Description":"HFileReaderV2.readBlock","KVAnnotations":{},"TLAnnotations":["@1415215648702: blockCacheMiss"]}
{"TraceID":4081018489308055186,"SpanID":1489115700138989405,"ParentID":396675106146084183,"ProcessID":"HMaster","Start":1415215648707,"Stop":1415215648707,"Description":"HFileReaderV2.readBlock","KVAnnotations":{},"TLAnnotations":[]}
{"TraceID":4081018489308055186,"SpanID":396675106146084183,"ParentID":-91560878443388873,"ProcessID":"HMaster","Start":1415215648701,"Stop":1415215648708,"Description":"ClientService.Get","KVAnnotations":{"[B@14ee504":[114,111,111,116],"[B@9d7383":[49,50,55,46,48,46,48,46,49]},"TLAnnotations":[]}
{"TraceID":3502078580875277935,"SpanID":-5635838032656586846,"ParentID":-7646384895144684958,"ProcessID":"HRegionServer","Start":1415399442454,"Stop":1415399442498,"Description":"ClientService.Get","KVAnnotations":{"[B@1a89227":[49,50,55,46,48,46,48,46,49],"[B@1e0ada6":[99,105,115,54,53,53,115,116,117]},"TLAnnotations":[]}
{"TraceID":4197988904902625053,"SpanID":-4954386497666221614,"ParentID":-7640387385338038742,"ProcessID":"HRegionServer","Start":1415668833130,"Stop":1415668833153,"Description":"ClientService.Get","KVAnnotations":{"[B@ffbd19":[99,105,115,54,53,53,115,116,117],"[B@1d7c956":[49,50,55,46,48,46,48,46,49]},"TLAnnotations":[]}
{"TraceID":-7056778931011837662,"SpanID":4901966812154694862,"ParentID":-6872321350673744984,"ProcessID":"HRegionServer","Start":1415668894553,"Stop":1415668894554,"Description":"ClientService.Get","KVAnnotations":{"[B@1b34499":[99,105,115,54,53,53,115,116,117],"[B@5cbd95":[49,50,55,46,48,46,48,46,49]},"TLAnnotations":[]}
{"TraceID":-2406653735748093433,"SpanID":7031795503995521347,"ParentID":8693579119306158763,"ProcessID":"HRegionServer","Start":1415820973850,"Stop":1415820974171,"Description":"ClientService.Get","KVAnnotations":{"[B@3bc5c6":[49,50,55,46,48,46,48,46,49],"[B@1acd694":[99,105,115,54,53,53,115,116,117]},"TLAnnotations":[]}
{"TraceID":-850172890123625173,"SpanID":-6545187340694697905,"ParentID":-2677587671471029796,"ProcessID":"HRegionServer","Start":1415821159085,"Stop":1415821159090,"Description":"ClientService.Get","KVAnnotations":{"[B@fa35ac":[49,50,55,46,48,46,48,46,49],"[B@1b58819":[99,105,115,54,53,53,115,116,117]},"TLAnnotations":[]}
{"TraceID":-5732857502380154955,"SpanID":5536269517595352057,"ParentID":-1631279569535444168,"ProcessID":"HRegionServer","Start":1415822180712,"Stop":1415822180713,"Description":"ClientService.Get","KVAnnotations":{"[B@e93b9c":[49,50,55,46,48,46,48,46,49],"[B@63b0c0":[99,105,115,54,53,53,115,116,117]},"TLAnnotations":[]}
{"TraceID":-4709690291356288186,"SpanID":8185463859577256701,"ParentID":-7069716623733033548,"ProcessID":"HRegionServer","Start":1415822256166,"Stop":1415822256166,"Description":"ClientService.Get","KVAnnotations":{"[B@11ba687":[99,105,115,54,53,53,115,116,117],"[B@521df3":[49,50,55,46,48,46,48,46,49]},"TLAnnotations":[]}
{"TraceID":-8867599396019103501,"SpanID":-1883545534462491346,"ParentID":6716294001495723367,"ProcessID":"HMaster","Start":1415852114300,"Stop":1415852114330,"Description":"HFileReaderV2.readBlock","KVAnnotations":{},"TLAnnotations":["@1415852114302: blockCacheMiss"]}
{"TraceID":-8867599396019103501,"SpanID":-5079795881061272704,"ParentID":6716294001495723367,"ProcessID":"HMaster","Start":1415852114355,"Stop":1415852114367,"Description":"HFileReaderV2.readBlock","KVAnnotations":{},"TLAnnotations":["@1415852114355: blockCacheMiss"]}
{"TraceID":-8867599396019103501,"SpanID":6716294001495723367,"ParentID":6531320478326707098,"ProcessID":"HMaster","Start":1415852114234,"Stop":1415852114412,"Description":"ClientService.Get","KVAnnotations":{"[B@16b5de":[99,105,115,54,53,53,115,116,117],"[B@fe23b7":[49,50,55,46,48,46,48,46,49]},"TLAnnotations":[]}
